============================================================
  Generated by:           Genus(TM) Synthesis Solution GENUS15.20 - 15.20-p004_1
  Generated on:           May 26 2024  11:47:55 am
  Module:                 synth_wrapper
  Interconnect mode:      global
  Area mode:              timing library
============================================================

                                              
           Gate            Instances   Area                Library             
-------------------------------------------------------------------------------
sky130_fd_sc_hd__and2_4            2   17.517    sky130_fd_sc_hd__tt_025C_1v80 
sky130_fd_sc_hd__buf_1             1    3.754    sky130_fd_sc_hd__tt_025C_1v80 
sky130_fd_sc_hd__clkinv_1          1    3.754    sky130_fd_sc_hd__tt_025C_1v80 
sky130_fd_sc_hd__dfrtp_1           4  100.096    sky130_fd_sc_hd__tt_025C_1v80 
sky130_fd_sc_hd__dfrtp_2           1   26.275    sky130_fd_sc_hd__tt_025C_1v80 
sky130_fd_sc_hd__dfxtp_4           4   95.091    sky130_fd_sc_hd__tt_025C_1v80 
sky130_fd_sc_hd__inv_1             1    3.754    sky130_fd_sc_hd__tt_025C_1v80 
sky130_fd_sc_hd__inv_2             5   18.768    sky130_fd_sc_hd__tt_025C_1v80 
sky130_fd_sc_hd__inv_4             2   12.512    sky130_fd_sc_hd__tt_025C_1v80 
sky130_fd_sc_hd__nand2_1           4   15.014    sky130_fd_sc_hd__tt_025C_1v80 
sky130_fd_sc_hd__nand2b_1          1    6.256    sky130_fd_sc_hd__tt_025C_1v80 
sky130_fd_sc_hd__nand3_1           7   35.034    sky130_fd_sc_hd__tt_025C_1v80 
sky130_fd_sc_hd__nand3b_1          1    7.507    sky130_fd_sc_hd__tt_025C_1v80 
sky130_fd_sc_hd__nand4_1           3   18.768    sky130_fd_sc_hd__tt_025C_1v80 
sky130_fd_sc_hd__nand4_2           1   12.512    sky130_fd_sc_hd__tt_025C_1v80 
sky130_fd_sc_hd__nand4b_1          1    8.758    sky130_fd_sc_hd__tt_025C_1v80 
sky130_fd_sc_hd__nor2_1            1    3.754    sky130_fd_sc_hd__tt_025C_1v80 
sky130_fd_sc_hd__nor2_2            2   12.512    sky130_fd_sc_hd__tt_025C_1v80 
sky130_fd_sc_hd__nor2b_4           1   13.763    sky130_fd_sc_hd__tt_025C_1v80 
-------------------------------------------------------------------------------
total                             43  415.398                                  


                                    
   Type    Instances   Area  Area % 
------------------------------------
sequential         9 221.462   53.3 
inverter           9  38.787    9.3 
buffer             1   3.754    0.9 
logic             24 151.395   36.4 
------------------------------------
total             43 415.398  100.0 

