============================================================
  Generated by:           Genus(TM) Synthesis Solution GENUS15.20 - 15.20-p004_1
  Generated on:           May 26 2024  11:47:55 am
  Module:                 synth_wrapper
  Interconnect mode:      global
  Area mode:              timing library
============================================================

Timing
--------

Clock Period 
-------------
clk    833.0 


  Cost    Critical       Violating 
 Group   Path Slack TNS    Paths   
-----------------------------------
default         1.9   0          0 
-----------------------------------
Total                 0          0 

Instance Count
--------------
Leaf Instance Count             43 
Sequential Instance Count        9 
Combinational Instance Count    34 
Hierarchical Instance Count      1 

Area
----
Cell Area                          415.398
Physical Cell Area                 0.000
Total Cell Area (Cell+Physical)    415.398
Net Area                           225.467
Total Area (Cell+Physical+Net)     640.865

Max Fanout                         11 (rst_n)
Min Fanout                         1 (sel_i)
Average Fanout                     2.2
Terms to net ratio                 3.1
Terms to instance ratio            3.3
Runtime                            10.939 seconds
Elapsed Runtime                    11 seconds
RC peak memory usage:              444.82 
EDI peak memory usage:             no_value 
Hostname                           centos7
